Removed Pin From Net: NetName=GND Pin=D2A-A
Removed Pin From Net: NetName=NetC2A_2 Pin=D2A-K
Removed Pin From Net: NetName=GND Pin=D2B-A
Removed Pin From Net: NetName=NetC2B_2 Pin=D2B-K
Removed Member From Class: ClassName=Voltage ReducerA Member=D2A
Removed Member From Class: ClassName=Voltage ReducerB Member=D2B
Change Component Comment : Designator=R1A Old Comment=0R27 New Comment=0R27 1%
Change Component Comment : Designator=R1B Old Comment=0R27 New Comment=0R27 1%
Change Component Comment : Designator=DS5 Old Comment=Cree XLamp XP-E2 Green New Comment=XPEBGR-L1-0000-00A01
Change Component Comment : Designator=DS6 Old Comment=Cree XLamp XP-E2 Green New Comment=XPEBGR-L1-0000-00A01
Change Component Comment : Designator=DS7 Old Comment=Cree XLamp XP-E2 Green New Comment=XPEBGR-L1-0000-00A01
Change Component Comment : Designator=DS1 Old Comment=Cree XLamp XP-E2 Red New Comment=XPEBRD-L1-0000-00601
Change Component Comment : Designator=DS2 Old Comment=Cree XLamp XP-E2 Red New Comment=XPEBRD-L1-0000-00601
Change Component Comment : Designator=DS3 Old Comment=Cree XLamp XP-E2 Red New Comment=XPEBRD-L1-0000-00601
Change Component Comment : Designator=DS4 Old Comment=Cree XLamp XP-E2 Red New Comment=XPEBRD-L1-0000-00601
Change component parameters: Designator = "R1A" ("R1"); Footprint = "Res_ThinFilm_0603"; UniqueID = "\PHMRCBBC\MLSPFWSH" ("\PHMRCBBC\MLSPFWSH")
Change component parameters: Designator = "R1B" ("R1"); Footprint = "Res_ThinFilm_0603"; UniqueID = "\HPRZGTND\MLSPFWSH" ("\HPRZGTND\MLSPFWSH")
Added Component: Designator=D?A(SOD123)
Add component (AddParameter): Name = "ComponentLink1Description"; Value = "Element14"; VariantName = "[No Variations]"
Add component (AddParameter): Name = "ComponentLink1URL"; Value = "https://au.element14.com/on-semiconductor/mmsz5226bt1g/diode-zener-3-3v-0-5w/dp/1431269"; VariantName = "[No Variations]"
Added Component: Designator=D?B(SOD123)
Add component (AddParameter): Name = "ComponentLink1Description"; Value = "Element14"; VariantName = "[No Variations]"
Add component (AddParameter): Name = "ComponentLink1URL"; Value = "https://au.element14.com/on-semiconductor/mmsz5226bt1g/diode-zener-3-3v-0-5w/dp/1431269"; VariantName = "[No Variations]"
Added Pin To Net: NetName=GND Pin=D?A-A
Added Pin To Net: NetName=NetC2A_2 Pin=D?A-K
Added Pin To Net: NetName=GND Pin=D?B-A
Added Pin To Net: NetName=NetC2B_2 Pin=D?B-K
Added Member To Class: ClassName=Voltage ReducerA Member=Component D?A (D?) MMSZ5226BT1G
Added Member To Class: ClassName=Voltage ReducerB Member=Component D?B (D?) MMSZ5226BT1G
Added Room: Name=GREEN LED ARRAY
Added Room: Name=GREEN LED DRIVER
Added Room: Name=QUTMS-TSAL-S00
Added Room: Name=RED LED ARRAY
Added Room: Name=RED LED DRIVER
Added Room: Name=Voltage ReducerA
Added Room: Name=Voltage ReducerB
