Added Component: Designator=C1(CAPC2013X145X50NL20T25)
Add component. Clean all parameters for all variants
Add component (AddParameter): Name = "Manufacturer"; Value = "Kemet"; VariantName = "[No Variations]"
Add component (AddParameter): Name = "Part Number"; Value = "C0805C475M3PACTU"; VariantName = "[No Variations]"
Added Component: Designator=C2(CAPC0603(1608)100_M)
Add component. Clean all parameters for all variants
Add component (AddParameter): Name = "Case-EIA"; Value = "0603"; VariantName = "[No Variations]"
Add component (AddParameter): Name = "Case-Metric"; Value = "1608"; VariantName = "[No Variations]"
Add component (AddParameter): Name = "Max Thickness"; Value = "1 mm"; VariantName = "[No Variations]"
Add component (AddParameter): Name = "Rated Voltage"; Value = "25 V"; VariantName = "[No Variations]"
Add component (AddParameter): Name = "Technology"; Value = "SMT"; VariantName = "[No Variations]"
Add component (AddParameter): Name = "Tolerance"; Value = "±5%"; VariantName = "[No Variations]"
Add component (AddParameter): Name = "Value"; Value = "10nF"; VariantName = "[No Variations]"
Added Component: Designator=D1(LED-0603)
Add component. Clean all parameters for all variants
Added Component: Designator=D2(LED-0603)
Add component. Clean all parameters for all variants
Added Component: Designator=D3(LED-0603)
Add component. Clean all parameters for all variants
Added Component: Designator=D4(LED-0603)
Add component. Clean all parameters for all variants
Added Component: Designator=D5(LED-0603)
Add component. Clean all parameters for all variants
Added Component: Designator=D6(LED-0603)
Add component. Clean all parameters for all variants
Added Component: Designator=D7(LED-0603)
Add component. Clean all parameters for all variants
Added Component: Designator=D8(LED-0603)
Add component. Clean all parameters for all variants
Added Component: Designator=D9(LED-0603)
Add component. Clean all parameters for all variants
Added Component: Designator=D10(LED-0603)
Add component. Clean all parameters for all variants
Added Component: Designator=D11(LED-0603)
Add component. Clean all parameters for all variants
Added Component: Designator=D12(LED-0603)
Add component. Clean all parameters for all variants
Added Component: Designator=D13(LED-0603)
Add component. Clean all parameters for all variants
Added Component: Designator=D14(LED-0603)
Add component. Clean all parameters for all variants
Added Component: Designator=D15(LED-0603)
Add component. Clean all parameters for all variants
Added Component: Designator=D16(LED-0603)
Add component. Clean all parameters for all variants
Added Component: Designator=D17(LED-0603)
Add component. Clean all parameters for all variants
Added Component: Designator=D18(LED-0603)
Add component. Clean all parameters for all variants
Added Component: Designator=D19(LED-0603)
Add component. Clean all parameters for all variants
Added Component: Designator=D20(LED-0603)
Add component. Clean all parameters for all variants
Added Component: Designator=D21(LED-0603)
Add component. Clean all parameters for all variants
Added Component: Designator=D22(LED-0603)
Add component. Clean all parameters for all variants
Added Component: Designator=D23(LED-0603)
Add component. Clean all parameters for all variants
Added Component: Designator=D24(LED-0603)
Add component. Clean all parameters for all variants
Added Component: Designator=D25(LED-0603)
Add component. Clean all parameters for all variants
Added Component: Designator=D26(LED-0603)
Add component. Clean all parameters for all variants
Added Component: Designator=D27(LED-0603)
Add component. Clean all parameters for all variants
Added Component: Designator=D28(LED-0603)
Add component. Clean all parameters for all variants
Added Component: Designator=D29(LED-0603)
Add component. Clean all parameters for all variants
Added Component: Designator=D30(LED-0603)
Add component. Clean all parameters for all variants
Added Component: Designator=D31(LED-0603)
Add component. Clean all parameters for all variants
Added Component: Designator=D32(LED-0603)
Add component. Clean all parameters for all variants
Added Component: Designator=D33(LED-0603)
Add component. Clean all parameters for all variants
Added Component: Designator=D34(LED-0603)
Add component. Clean all parameters for all variants
Added Component: Designator=D35(LED-0603)
Add component. Clean all parameters for all variants
Added Component: Designator=D36(LED-0603)
Add component. Clean all parameters for all variants
Added Component: Designator=D37(LED-0603)
Add component. Clean all parameters for all variants
Added Component: Designator=D38(LED-0603)
Add component. Clean all parameters for all variants
Added Component: Designator=D39(LED-0603)
Add component. Clean all parameters for all variants
Added Component: Designator=D40(LED-0603)
Add component. Clean all parameters for all variants
Added Component: Designator=D41(LED-0603)
Add component. Clean all parameters for all variants
Added Component: Designator=D42(LED-0603)
Add component. Clean all parameters for all variants
Added Component: Designator=D43(LED-0603)
Add component. Clean all parameters for all variants
Added Component: Designator=D44(LED-0603)
Add component. Clean all parameters for all variants
Added Component: Designator=D45(LED-0603)
Add component. Clean all parameters for all variants
Added Component: Designator=D46(LED-0603)
Add component. Clean all parameters for all variants
Added Component: Designator=D47(LED-0603)
Add component. Clean all parameters for all variants
Added Component: Designator=D48(LED-0603)
Add component. Clean all parameters for all variants
Added Component: Designator=D49(LED-0603)
Add component. Clean all parameters for all variants
Added Component: Designator=D50(LED-0603)
Add component. Clean all parameters for all variants
Added Component: Designator=D51(LED-0603)
Add component. Clean all parameters for all variants
Added Component: Designator=D52(LED-0603)
Add component. Clean all parameters for all variants
Added Component: Designator=D53(LED-0603)
Add component. Clean all parameters for all variants
Added Component: Designator=D54(LED-0603)
Add component. Clean all parameters for all variants
Added Component: Designator=D55(LED-0603)
Add component. Clean all parameters for all variants
Added Component: Designator=D56(LED-0603)
Add component. Clean all parameters for all variants
Added Component: Designator=D57(LED-0603)
Add component. Clean all parameters for all variants
Added Component: Designator=D58(LED-0603)
Add component. Clean all parameters for all variants
Added Component: Designator=D59(LED-0603)
Add component. Clean all parameters for all variants
Added Component: Designator=D60(LED-0603)
Add component. Clean all parameters for all variants
Added Component: Designator=D61(LED-0603)
Add component. Clean all parameters for all variants
Added Component: Designator=D62(LED-0603)
Add component. Clean all parameters for all variants
Added Component: Designator=D63(LED-0603)
Add component. Clean all parameters for all variants
Added Component: Designator=D64(LED-0603)
Add component. Clean all parameters for all variants
Added Component: Designator=D65(LED-0603)
Add component. Clean all parameters for all variants
Added Component: Designator=D66(LED-0603)
Add component. Clean all parameters for all variants
Added Component: Designator=D67(LED-0603)
Add component. Clean all parameters for all variants
Added Component: Designator=D68(LED-0603)
Add component. Clean all parameters for all variants
Added Component: Designator=D69(LED-0603)
Add component. Clean all parameters for all variants
Added Component: Designator=D70(LED-0603)
Add component. Clean all parameters for all variants
Added Component: Designator=D71(LED-0603)
Add component. Clean all parameters for all variants
Added Component: Designator=D72(LED-0603)
Add component. Clean all parameters for all variants
Added Component: Designator=D73(LED-0603)
Add component. Clean all parameters for all variants
Added Component: Designator=D74(LED-0603)
Add component. Clean all parameters for all variants
Added Component: Designator=D75(LED-0603)
Add component. Clean all parameters for all variants
Added Component: Designator=D76(LED-0603)
Add component. Clean all parameters for all variants
Added Component: Designator=D77(LED-0603)
Add component. Clean all parameters for all variants
Added Component: Designator=D78(LED-0603)
Add component. Clean all parameters for all variants
Added Component: Designator=D79(LED-0603)
Add component. Clean all parameters for all variants
Added Component: Designator=D80(LED-0603)
Add component. Clean all parameters for all variants
Added Component: Designator=P1(HDR1X4)
Add component. Clean all parameters for all variants
Add component (AddParameter): Name = "LatestRevisionDate"; Value = "17-Jul-2002"; VariantName = "[No Variations]"
Add component (AddParameter): Name = "LatestRevisionNote"; Value = "Re-released for DXP Platform."; VariantName = "[No Variations]"
Add component (AddParameter): Name = "Publisher"; Value = "Altium Limited"; VariantName = "[No Variations]"
Added Component: Designator=Q1(ONSC-DPAK-3-369AA-01_V)
Add component. Clean all parameters for all variants
Add component (AddParameter): Name = "Channel Polarity"; Value = "N Channel"; VariantName = "[No Variations]"
Add component (AddParameter): Name = "Ciss Typ (pF)"; Value = "1308"; VariantName = "[No Variations]"
Add component (AddParameter): Name = "ComponentLink1Description"; Value = "Manufacturer URL"; VariantName = "[No Variations]"
Add component (AddParameter): Name = "ComponentLink1URL"; Value = "http://www.onsemi.com/"; VariantName = "[No Variations]"
Add component (AddParameter): Name = "ComponentLink2Description"; Value = "Datasheet"; VariantName = "[No Variations]"
Add component (AddParameter): Name = "ComponentLink2URL"; Value = "http://www.onsemi.cn/pub_link/Collateral/NTD4860N.PDF"; VariantName = "[No Variations]"
Add component (AddParameter): Name = "ComponentLink3Description"; Value = "Package Specification"; VariantName = "[No Variations]"
Add component (AddParameter): Name = "ComponentLink3URL"; Value = "http://www.onsemi.cn/pub_link/Collateral/369AA.PDF"; VariantName = "[No Variations]"
Add component (AddParameter): Name = "Configuration"; Value = "Single"; VariantName = "[No Variations]"
Add component (AddParameter): Name = "Coss Typ (pF)"; Value = "342"; VariantName = "[No Variations]"
Add component (AddParameter): Name = "Crss Typ (pF)"; Value = "169"; VariantName = "[No Variations]"
Add component (AddParameter): Name = "DatasheetVersion"; Value = "Rev. 1"; VariantName = "[No Variations]"
Add component (AddParameter): Name = "ID Max (A)"; Value = "65"; VariantName = "[No Variations]"
Add component (AddParameter): Name = "Manufacturer"; Value = "On Semiconductor"; VariantName = "[No Variations]"
Add component (AddParameter): Name = "Mounting Technology"; Value = "Surface Mount"; VariantName = "[No Variations]"
Add component (AddParameter): Name = "PackageDescription"; Value = "3-Pin Flange Mount, Body 6.54 x 6.095 mm, Pitch 2.29 mm"; VariantName = "[No Variations]"
Add component (AddParameter): Name = "PackageReference"; Value = "DPAK-3-369AA-01"; VariantName = "[No Variations]"
Add component (AddParameter): Name = "Package Type"; Value = "DPAK-3"; VariantName = "[No Variations]"
Add component (AddParameter): Name = "PackageVersion"; Value = "Rev. B, 06/2010"; VariantName = "[No Variations]"
Add component (AddParameter): Name = "Packing"; Value = "Tape and Reel"; VariantName = "[No Variations]"
Add component (AddParameter): Name = "PartNumber"; Value = "NTD4860NT4G"; VariantName = "[No Variations]"
Add component (AddParameter): Name = "Qrr Typ (nC)"; Value = "3.5"; VariantName = "[No Variations]"
Add component (AddParameter): Name = "RoHS"; Value = "Pb-Free"; VariantName = "[No Variations]"
Add component (AddParameter): Name = "V(BR)DSS Min (V)"; Value = "25"; VariantName = "[No Variations]"
Add component (AddParameter): Name = "VGS(th) Max (V)"; Value = "2.5"; VariantName = "[No Variations]"
Add component (AddParameter): Name = "VGS Max (V)"; Value = "20"; VariantName = "[No Variations]"
Added Component: Designator=Q2(ONSC-DPAK-3-369AA-01_V)
Add component. Clean all parameters for all variants
Add component (AddParameter): Name = "Channel Polarity"; Value = "N Channel"; VariantName = "[No Variations]"
Add component (AddParameter): Name = "Ciss Typ (pF)"; Value = "1308"; VariantName = "[No Variations]"
Add component (AddParameter): Name = "ComponentLink1Description"; Value = "Manufacturer URL"; VariantName = "[No Variations]"
Add component (AddParameter): Name = "ComponentLink1URL"; Value = "http://www.onsemi.com/"; VariantName = "[No Variations]"
Add component (AddParameter): Name = "ComponentLink2Description"; Value = "Datasheet"; VariantName = "[No Variations]"
Add component (AddParameter): Name = "ComponentLink2URL"; Value = "http://www.onsemi.cn/pub_link/Collateral/NTD4860N.PDF"; VariantName = "[No Variations]"
Add component (AddParameter): Name = "ComponentLink3Description"; Value = "Package Specification"; VariantName = "[No Variations]"
Add component (AddParameter): Name = "ComponentLink3URL"; Value = "http://www.onsemi.cn/pub_link/Collateral/369AA.PDF"; VariantName = "[No Variations]"
Add component (AddParameter): Name = "Configuration"; Value = "Single"; VariantName = "[No Variations]"
Add component (AddParameter): Name = "Coss Typ (pF)"; Value = "342"; VariantName = "[No Variations]"
Add component (AddParameter): Name = "Crss Typ (pF)"; Value = "169"; VariantName = "[No Variations]"
Add component (AddParameter): Name = "DatasheetVersion"; Value = "Rev. 1"; VariantName = "[No Variations]"
Add component (AddParameter): Name = "ID Max (A)"; Value = "65"; VariantName = "[No Variations]"
Add component (AddParameter): Name = "Manufacturer"; Value = "On Semiconductor"; VariantName = "[No Variations]"
Add component (AddParameter): Name = "Mounting Technology"; Value = "Surface Mount"; VariantName = "[No Variations]"
Add component (AddParameter): Name = "PackageDescription"; Value = "3-Pin Flange Mount, Body 6.54 x 6.095 mm, Pitch 2.29 mm"; VariantName = "[No Variations]"
Add component (AddParameter): Name = "PackageReference"; Value = "DPAK-3-369AA-01"; VariantName = "[No Variations]"
Add component (AddParameter): Name = "Package Type"; Value = "DPAK-3"; VariantName = "[No Variations]"
Add component (AddParameter): Name = "PackageVersion"; Value = "Rev. B, 06/2010"; VariantName = "[No Variations]"
Add component (AddParameter): Name = "Packing"; Value = "Tape and Reel"; VariantName = "[No Variations]"
Add component (AddParameter): Name = "PartNumber"; Value = "NTD4860NT4G"; VariantName = "[No Variations]"
Add component (AddParameter): Name = "Qrr Typ (nC)"; Value = "3.5"; VariantName = "[No Variations]"
Add component (AddParameter): Name = "RoHS"; Value = "Pb-Free"; VariantName = "[No Variations]"
Add component (AddParameter): Name = "V(BR)DSS Min (V)"; Value = "25"; VariantName = "[No Variations]"
Add component (AddParameter): Name = "VGS(th) Max (V)"; Value = "2.5"; VariantName = "[No Variations]"
Add component (AddParameter): Name = "VGS Max (V)"; Value = "20"; VariantName = "[No Variations]"
Added Component: Designator=R1(RESC0603(1608)_L)
Add component. Clean all parameters for all variants
Add component (AddParameter): Name = "Case-EIA"; Value = "0603"; VariantName = "[No Variations]"
Add component (AddParameter): Name = "Case-Metric"; Value = "1608"; VariantName = "[No Variations]"
Add component (AddParameter): Name = "Power"; Value = "0.1 W"; VariantName = "[No Variations]"
Add component (AddParameter): Name = "Technology"; Value = "SMT"; VariantName = "[No Variations]"
Add component (AddParameter): Name = "Tolerance"; Value = "5 %"; VariantName = "[No Variations]"
Add component (AddParameter): Name = "Value"; Value = "1000.00 Ohm"; VariantName = "[No Variations]"
Added Component: Designator=R2(RESC0603(1608)_M)
Add component. Clean all parameters for all variants
Add component (AddParameter): Name = "Case-EIA"; Value = "0603"; VariantName = "[No Variations]"
Add component (AddParameter): Name = "Case-Metric"; Value = "1608"; VariantName = "[No Variations]"
Add component (AddParameter): Name = "Power"; Value = "0.1 W"; VariantName = "[No Variations]"
Add component (AddParameter): Name = "Technology"; Value = "SMT"; VariantName = "[No Variations]"
Add component (AddParameter): Name = "Tolerance"; Value = "5 %"; VariantName = "[No Variations]"
Add component (AddParameter): Name = "Value"; Value = "51000.00 Ohm"; VariantName = "[No Variations]"
Added Component: Designator=R3(RESC0603(1608)_L)
Add component. Clean all parameters for all variants
Add component (AddParameter): Name = "Case-EIA"; Value = "0603"; VariantName = "[No Variations]"
Add component (AddParameter): Name = "Case-Metric"; Value = "1608"; VariantName = "[No Variations]"
Add component (AddParameter): Name = "Power"; Value = "0.1 W"; VariantName = "[No Variations]"
Add component (AddParameter): Name = "Technology"; Value = "SMT"; VariantName = "[No Variations]"
Add component (AddParameter): Name = "Tolerance"; Value = "5 %"; VariantName = "[No Variations]"
Add component (AddParameter): Name = "Value"; Value = "1000.00 Ohm"; VariantName = "[No Variations]"
Added Component: Designator=R4(RESC1210(3225)_N)
Add component. Clean all parameters for all variants
Add component (AddParameter): Name = "Case-EIA"; Value = "1210"; VariantName = "[No Variations]"
Add component (AddParameter): Name = "Case-Metric"; Value = "3225"; VariantName = "[No Variations]"
Add component (AddParameter): Name = "Power"; Value = "0.5 W"; VariantName = "[No Variations]"
Add component (AddParameter): Name = "Technology"; Value = "SMT"; VariantName = "[No Variations]"
Add component (AddParameter): Name = "Tolerance"; Value = "5 %"; VariantName = "[No Variations]"
Add component (AddParameter): Name = "Value"; Value = "100.00 Ohm"; VariantName = "[No Variations]"
Added Component: Designator=R5(RESC1210(3225)_N)
Add component. Clean all parameters for all variants
Add component (AddParameter): Name = "Case-EIA"; Value = "1210"; VariantName = "[No Variations]"
Add component (AddParameter): Name = "Case-Metric"; Value = "3225"; VariantName = "[No Variations]"
Add component (AddParameter): Name = "Power"; Value = "0.5 W"; VariantName = "[No Variations]"
Add component (AddParameter): Name = "Technology"; Value = "SMT"; VariantName = "[No Variations]"
Add component (AddParameter): Name = "Tolerance"; Value = "5 %"; VariantName = "[No Variations]"
Add component (AddParameter): Name = "Value"; Value = "100.00 Ohm"; VariantName = "[No Variations]"
Added Component: Designator=R6(RESC1210(3225)_N)
Add component. Clean all parameters for all variants
Add component (AddParameter): Name = "Case-EIA"; Value = "1210"; VariantName = "[No Variations]"
Add component (AddParameter): Name = "Case-Metric"; Value = "3225"; VariantName = "[No Variations]"
Add component (AddParameter): Name = "Power"; Value = "0.5 W"; VariantName = "[No Variations]"
Add component (AddParameter): Name = "Technology"; Value = "SMT"; VariantName = "[No Variations]"
Add component (AddParameter): Name = "Tolerance"; Value = "5 %"; VariantName = "[No Variations]"
Add component (AddParameter): Name = "Value"; Value = "75.00 Ohm"; VariantName = "[No Variations]"
Added Component: Designator=R7(RESC1210(3225)_N)
Add component. Clean all parameters for all variants
Add component (AddParameter): Name = "Case-EIA"; Value = "1210"; VariantName = "[No Variations]"
Add component (AddParameter): Name = "Case-Metric"; Value = "3225"; VariantName = "[No Variations]"
Add component (AddParameter): Name = "Power"; Value = "0.5 W"; VariantName = "[No Variations]"
Add component (AddParameter): Name = "Technology"; Value = "SMT"; VariantName = "[No Variations]"
Add component (AddParameter): Name = "Tolerance"; Value = "5 %"; VariantName = "[No Variations]"
Add component (AddParameter): Name = "Value"; Value = "75.00 Ohm"; VariantName = "[No Variations]"
Added Component: Designator=R8(RESC1210(3225)_N)
Add component. Clean all parameters for all variants
Add component (AddParameter): Name = "Case-EIA"; Value = "1210"; VariantName = "[No Variations]"
Add component (AddParameter): Name = "Case-Metric"; Value = "3225"; VariantName = "[No Variations]"
Add component (AddParameter): Name = "Power"; Value = "0.5 W"; VariantName = "[No Variations]"
Add component (AddParameter): Name = "Technology"; Value = "SMT"; VariantName = "[No Variations]"
Add component (AddParameter): Name = "Tolerance"; Value = "5 %"; VariantName = "[No Variations]"
Add component (AddParameter): Name = "Value"; Value = "100.00 Ohm"; VariantName = "[No Variations]"
Added Component: Designator=R9(RESC1210(3225)_N)
Add component. Clean all parameters for all variants
Add component (AddParameter): Name = "Case-EIA"; Value = "1210"; VariantName = "[No Variations]"
Add component (AddParameter): Name = "Case-Metric"; Value = "3225"; VariantName = "[No Variations]"
Add component (AddParameter): Name = "Power"; Value = "0.5 W"; VariantName = "[No Variations]"
Add component (AddParameter): Name = "Technology"; Value = "SMT"; VariantName = "[No Variations]"
Add component (AddParameter): Name = "Tolerance"; Value = "5 %"; VariantName = "[No Variations]"
Add component (AddParameter): Name = "Value"; Value = "100.00 Ohm"; VariantName = "[No Variations]"
Added Component: Designator=R10(RESC1210(3225)_N)
Add component. Clean all parameters for all variants
Add component (AddParameter): Name = "Case-EIA"; Value = "1210"; VariantName = "[No Variations]"
Add component (AddParameter): Name = "Case-Metric"; Value = "3225"; VariantName = "[No Variations]"
Add component (AddParameter): Name = "Power"; Value = "0.5 W"; VariantName = "[No Variations]"
Add component (AddParameter): Name = "Technology"; Value = "SMT"; VariantName = "[No Variations]"
Add component (AddParameter): Name = "Tolerance"; Value = "5 %"; VariantName = "[No Variations]"
Add component (AddParameter): Name = "Value"; Value = "75.00 Ohm"; VariantName = "[No Variations]"
Added Component: Designator=R11(RESC1210(3225)_N)
Add component. Clean all parameters for all variants
Add component (AddParameter): Name = "Case-EIA"; Value = "1210"; VariantName = "[No Variations]"
Add component (AddParameter): Name = "Case-Metric"; Value = "3225"; VariantName = "[No Variations]"
Add component (AddParameter): Name = "Power"; Value = "0.5 W"; VariantName = "[No Variations]"
Add component (AddParameter): Name = "Technology"; Value = "SMT"; VariantName = "[No Variations]"
Add component (AddParameter): Name = "Tolerance"; Value = "5 %"; VariantName = "[No Variations]"
Add component (AddParameter): Name = "Value"; Value = "75.00 Ohm"; VariantName = "[No Variations]"
Added Component: Designator=R12(RESC1210(3225)_N)
Add component. Clean all parameters for all variants
Add component (AddParameter): Name = "Case-EIA"; Value = "1210"; VariantName = "[No Variations]"
Add component (AddParameter): Name = "Case-Metric"; Value = "3225"; VariantName = "[No Variations]"
Add component (AddParameter): Name = "Power"; Value = "0.5 W"; VariantName = "[No Variations]"
Add component (AddParameter): Name = "Technology"; Value = "SMT"; VariantName = "[No Variations]"
Add component (AddParameter): Name = "Tolerance"; Value = "5 %"; VariantName = "[No Variations]"
Add component (AddParameter): Name = "Value"; Value = "100.00 Ohm"; VariantName = "[No Variations]"
Added Component: Designator=R13(RESC1210(3225)_N)
Add component. Clean all parameters for all variants
Add component (AddParameter): Name = "Case-EIA"; Value = "1210"; VariantName = "[No Variations]"
Add component (AddParameter): Name = "Case-Metric"; Value = "3225"; VariantName = "[No Variations]"
Add component (AddParameter): Name = "Power"; Value = "0.5 W"; VariantName = "[No Variations]"
Add component (AddParameter): Name = "Technology"; Value = "SMT"; VariantName = "[No Variations]"
Add component (AddParameter): Name = "Tolerance"; Value = "5 %"; VariantName = "[No Variations]"
Add component (AddParameter): Name = "Value"; Value = "100.00 Ohm"; VariantName = "[No Variations]"
Added Component: Designator=R14(RESC1210(3225)_N)
Add component. Clean all parameters for all variants
Add component (AddParameter): Name = "Case-EIA"; Value = "1210"; VariantName = "[No Variations]"
Add component (AddParameter): Name = "Case-Metric"; Value = "3225"; VariantName = "[No Variations]"
Add component (AddParameter): Name = "Power"; Value = "0.5 W"; VariantName = "[No Variations]"
Add component (AddParameter): Name = "Technology"; Value = "SMT"; VariantName = "[No Variations]"
Add component (AddParameter): Name = "Tolerance"; Value = "5 %"; VariantName = "[No Variations]"
Add component (AddParameter): Name = "Value"; Value = "75.00 Ohm"; VariantName = "[No Variations]"
Added Component: Designator=R15(RESC1210(3225)_N)
Add component. Clean all parameters for all variants
Add component (AddParameter): Name = "Case-EIA"; Value = "1210"; VariantName = "[No Variations]"
Add component (AddParameter): Name = "Case-Metric"; Value = "3225"; VariantName = "[No Variations]"
Add component (AddParameter): Name = "Power"; Value = "0.5 W"; VariantName = "[No Variations]"
Add component (AddParameter): Name = "Technology"; Value = "SMT"; VariantName = "[No Variations]"
Add component (AddParameter): Name = "Tolerance"; Value = "5 %"; VariantName = "[No Variations]"
Add component (AddParameter): Name = "Value"; Value = "75.00 Ohm"; VariantName = "[No Variations]"
Added Component: Designator=R16(RESC1210(3225)_N)
Add component. Clean all parameters for all variants
Add component (AddParameter): Name = "Case-EIA"; Value = "1210"; VariantName = "[No Variations]"
Add component (AddParameter): Name = "Case-Metric"; Value = "3225"; VariantName = "[No Variations]"
Add component (AddParameter): Name = "Power"; Value = "0.5 W"; VariantName = "[No Variations]"
Add component (AddParameter): Name = "Technology"; Value = "SMT"; VariantName = "[No Variations]"
Add component (AddParameter): Name = "Tolerance"; Value = "5 %"; VariantName = "[No Variations]"
Add component (AddParameter): Name = "Value"; Value = "100.00 Ohm"; VariantName = "[No Variations]"
Added Component: Designator=R17(RESC1210(3225)_N)
Add component. Clean all parameters for all variants
Add component (AddParameter): Name = "Case-EIA"; Value = "1210"; VariantName = "[No Variations]"
Add component (AddParameter): Name = "Case-Metric"; Value = "3225"; VariantName = "[No Variations]"
Add component (AddParameter): Name = "Power"; Value = "0.5 W"; VariantName = "[No Variations]"
Add component (AddParameter): Name = "Technology"; Value = "SMT"; VariantName = "[No Variations]"
Add component (AddParameter): Name = "Tolerance"; Value = "5 %"; VariantName = "[No Variations]"
Add component (AddParameter): Name = "Value"; Value = "100.00 Ohm"; VariantName = "[No Variations]"
Added Component: Designator=R18(RESC1210(3225)_N)
Add component. Clean all parameters for all variants
Add component (AddParameter): Name = "Case-EIA"; Value = "1210"; VariantName = "[No Variations]"
Add component (AddParameter): Name = "Case-Metric"; Value = "3225"; VariantName = "[No Variations]"
Add component (AddParameter): Name = "Power"; Value = "0.5 W"; VariantName = "[No Variations]"
Add component (AddParameter): Name = "Technology"; Value = "SMT"; VariantName = "[No Variations]"
Add component (AddParameter): Name = "Tolerance"; Value = "5 %"; VariantName = "[No Variations]"
Add component (AddParameter): Name = "Value"; Value = "75.00 Ohm"; VariantName = "[No Variations]"
Added Component: Designator=R19(RESC1210(3225)_N)
Add component. Clean all parameters for all variants
Add component (AddParameter): Name = "Case-EIA"; Value = "1210"; VariantName = "[No Variations]"
Add component (AddParameter): Name = "Case-Metric"; Value = "3225"; VariantName = "[No Variations]"
Add component (AddParameter): Name = "Power"; Value = "0.5 W"; VariantName = "[No Variations]"
Add component (AddParameter): Name = "Technology"; Value = "SMT"; VariantName = "[No Variations]"
Add component (AddParameter): Name = "Tolerance"; Value = "5 %"; VariantName = "[No Variations]"
Add component (AddParameter): Name = "Value"; Value = "75.00 Ohm"; VariantName = "[No Variations]"
Added Component: Designator=U1(D0008A_L)
Add component. Clean all parameters for all variants
Add component (AddParameter): Name = "Code_IPC"; Value = "SOIC127P600-8"; VariantName = "[No Variations]"
Add component (AddParameter): Name = "Code_JEDEC"; Value = "MS-012-AA"; VariantName = "[No Variations]"
Add component (AddParameter): Name = "ComponentLink1Description"; Value = "Datasheet URL"; VariantName = "[No Variations]"
Add component (AddParameter): Name = "ComponentLink1URL"; Value = "http://www.ti.com/general/docs/lit/getliterature.tsp?genericPartNumber=LMC555&fileType=pdf"; VariantName = "[No Variations]"
Add component (AddParameter): Name = "CompType"; Value = "Analog IC"; VariantName = "[No Variations]"
Add component (AddParameter): Name = "High-Reliability"; Value = ""; VariantName = "[No Variations]"
Add component (AddParameter): Name = "Manufacturer"; Value = "Texas Instruments"; VariantName = "[No Variations]"
Add component (AddParameter): Name = "PackageDescription"; Value = "SOIC Narrow, 4.9 x 3.9 x 1.45mm, 8 Lead, 1.27mm Pitch"; VariantName = "[No Variations]"
Add component (AddParameter): Name = "PackageReference"; Value = "D0008A"; VariantName = "[No Variations]"
Add component (AddParameter): Name = "PackageTopMarking"; Value = "NSZXTT*LMC*555CM"; VariantName = "[No Variations]"
Add component (AddParameter): Name = "PartNumber"; Value = ""; VariantName = "[No Variations]"
Add component (AddParameter): Name = "PinCount"; Value = "8"; VariantName = "[No Variations]"
Add component (AddParameter): Name = "PowerWise"; Value = "N"; VariantName = "[No Variations]"
Add component (AddParameter): Name = "RoHS"; Value = "Y"; VariantName = "[No Variations]"
Added Pin To Net: NetName=+12 Pin=D1-1
Added Pin To Net: NetName=+12 Pin=D6-1
Added Pin To Net: NetName=+12 Pin=D11-1
Added Pin To Net: NetName=+12 Pin=D16-1
Added Pin To Net: NetName=+12 Pin=D21-1
Added Pin To Net: NetName=+12 Pin=D26-1
Added Pin To Net: NetName=+12 Pin=D31-1
Added Pin To Net: NetName=+12 Pin=D36-1
Added Pin To Net: NetName=+12 Pin=D41-1
Added Pin To Net: NetName=+12 Pin=D46-1
Added Pin To Net: NetName=+12 Pin=D51-1
Added Pin To Net: NetName=+12 Pin=D56-1
Added Pin To Net: NetName=+12 Pin=D61-1
Added Pin To Net: NetName=+12 Pin=D66-1
Added Pin To Net: NetName=+12 Pin=D71-1
Added Pin To Net: NetName=+12 Pin=D76-1
Added Pin To Net: NetName=+12 Pin=P1-2
Added Net: Name=+12
Added Pin To Net: NetName=GND Pin=C1-1
Added Pin To Net: NetName=GND Pin=C2-1
Added Pin To Net: NetName=GND Pin=P1-1
Added Pin To Net: NetName=GND Pin=Q1-3
Added Pin To Net: NetName=GND Pin=Q2-3
Added Pin To Net: NetName=GND Pin=R3-1
Added Pin To Net: NetName=GND Pin=U1-1
Added Net: Name=GND
Added Pin To Net: NetName=GREEN_LEDS Pin=Q2-4
Added Pin To Net: NetName=GREEN_LEDS Pin=R6-1
Added Pin To Net: NetName=GREEN_LEDS Pin=R7-1
Added Pin To Net: NetName=GREEN_LEDS Pin=R10-1
Added Pin To Net: NetName=GREEN_LEDS Pin=R11-1
Added Pin To Net: NetName=GREEN_LEDS Pin=R14-1
Added Pin To Net: NetName=GREEN_LEDS Pin=R15-1
Added Pin To Net: NetName=GREEN_LEDS Pin=R18-1
Added Pin To Net: NetName=GREEN_LEDS Pin=R19-1
Added Net: Name=GREEN_LEDS
Added Pin To Net: NetName=HV_ACTIVE Pin=P1-4
Added Pin To Net: NetName=HV_ACTIVE Pin=R1-2
Added Pin To Net: NetName=HV_ACTIVE Pin=U1-4
Added Pin To Net: NetName=HV_ACTIVE Pin=U1-8
Added Net: Name=HV_ACTIVE
Added Pin To Net: NetName=HV_INACTIVE Pin=P1-3
Added Pin To Net: NetName=HV_INACTIVE Pin=Q2-1
Added Net: Name=HV_INACTIVE
Added Pin To Net: NetName=NetC1_2 Pin=C1-2
Added Pin To Net: NetName=NetC1_2 Pin=R2-1
Added Pin To Net: NetName=NetC1_2 Pin=U1-2
Added Pin To Net: NetName=NetC1_2 Pin=U1-6
Added Net: Name=NetC1_2
Added Pin To Net: NetName=NetC2_2 Pin=C2-2
Added Pin To Net: NetName=NetC2_2 Pin=U1-5
Added Net: Name=NetC2_2
Added Pin To Net: NetName=NetD1_2 Pin=D1-2
Added Pin To Net: NetName=NetD1_2 Pin=D2-1
Added Net: Name=NetD1_2
Added Pin To Net: NetName=NetD2_2 Pin=D2-2
Added Pin To Net: NetName=NetD2_2 Pin=D3-1
Added Net: Name=NetD2_2
Added Pin To Net: NetName=NetD3_2 Pin=D3-2
Added Pin To Net: NetName=NetD3_2 Pin=D4-1
Added Net: Name=NetD3_2
Added Pin To Net: NetName=NetD4_2 Pin=D4-2
Added Pin To Net: NetName=NetD4_2 Pin=D5-1
Added Net: Name=NetD4_2
Added Pin To Net: NetName=NetD5_2 Pin=D5-2
Added Pin To Net: NetName=NetD5_2 Pin=R4-2
Added Net: Name=NetD5_2
Added Pin To Net: NetName=NetD6_2 Pin=D6-2
Added Pin To Net: NetName=NetD6_2 Pin=D7-1
Added Net: Name=NetD6_2
Added Pin To Net: NetName=NetD7_2 Pin=D7-2
Added Pin To Net: NetName=NetD7_2 Pin=D8-1
Added Net: Name=NetD7_2
Added Pin To Net: NetName=NetD8_2 Pin=D8-2
Added Pin To Net: NetName=NetD8_2 Pin=D9-1
Added Net: Name=NetD8_2
Added Pin To Net: NetName=NetD9_2 Pin=D9-2
Added Pin To Net: NetName=NetD9_2 Pin=D10-1
Added Net: Name=NetD9_2
Added Pin To Net: NetName=NetD10_2 Pin=D10-2
Added Pin To Net: NetName=NetD10_2 Pin=R5-2
Added Net: Name=NetD10_2
Added Pin To Net: NetName=NetD11_2 Pin=D11-2
Added Pin To Net: NetName=NetD11_2 Pin=D12-1
Added Net: Name=NetD11_2
Added Pin To Net: NetName=NetD12_2 Pin=D12-2
Added Pin To Net: NetName=NetD12_2 Pin=D13-1
Added Net: Name=NetD12_2
Added Pin To Net: NetName=NetD13_2 Pin=D13-2
Added Pin To Net: NetName=NetD13_2 Pin=D14-1
Added Net: Name=NetD13_2
Added Pin To Net: NetName=NetD14_2 Pin=D14-2
Added Pin To Net: NetName=NetD14_2 Pin=D15-1
Added Net: Name=NetD14_2
Added Pin To Net: NetName=NetD15_2 Pin=D15-2
Added Pin To Net: NetName=NetD15_2 Pin=R6-2
Added Net: Name=NetD15_2
Added Pin To Net: NetName=NetD16_2 Pin=D16-2
Added Pin To Net: NetName=NetD16_2 Pin=D17-1
Added Net: Name=NetD16_2
Added Pin To Net: NetName=NetD17_2 Pin=D17-2
Added Pin To Net: NetName=NetD17_2 Pin=D18-1
Added Net: Name=NetD17_2
Added Pin To Net: NetName=NetD18_2 Pin=D18-2
Added Pin To Net: NetName=NetD18_2 Pin=D19-1
Added Net: Name=NetD18_2
Added Pin To Net: NetName=NetD19_2 Pin=D19-2
Added Pin To Net: NetName=NetD19_2 Pin=D20-1
Added Net: Name=NetD19_2
Added Pin To Net: NetName=NetD20_2 Pin=D20-2
Added Pin To Net: NetName=NetD20_2 Pin=R7-2
Added Net: Name=NetD20_2
Added Pin To Net: NetName=NetD21_2 Pin=D21-2
Added Pin To Net: NetName=NetD21_2 Pin=D22-1
Added Net: Name=NetD21_2
Added Pin To Net: NetName=NetD22_2 Pin=D22-2
Added Pin To Net: NetName=NetD22_2 Pin=D23-1
Added Net: Name=NetD22_2
Added Pin To Net: NetName=NetD23_2 Pin=D23-2
Added Pin To Net: NetName=NetD23_2 Pin=D24-1
Added Net: Name=NetD23_2
Added Pin To Net: NetName=NetD24_2 Pin=D24-2
Added Pin To Net: NetName=NetD24_2 Pin=D25-1
Added Net: Name=NetD24_2
Added Pin To Net: NetName=NetD25_2 Pin=D25-2
Added Pin To Net: NetName=NetD25_2 Pin=R8-2
Added Net: Name=NetD25_2
Added Pin To Net: NetName=NetD26_2 Pin=D26-2
Added Pin To Net: NetName=NetD26_2 Pin=D27-1
Added Net: Name=NetD26_2
Added Pin To Net: NetName=NetD27_2 Pin=D27-2
Added Pin To Net: NetName=NetD27_2 Pin=D28-1
Added Net: Name=NetD27_2
Added Pin To Net: NetName=NetD28_2 Pin=D28-2
Added Pin To Net: NetName=NetD28_2 Pin=D29-1
Added Net: Name=NetD28_2
Added Pin To Net: NetName=NetD29_2 Pin=D29-2
Added Pin To Net: NetName=NetD29_2 Pin=D30-1
Added Net: Name=NetD29_2
Added Pin To Net: NetName=NetD30_2 Pin=D30-2
Added Pin To Net: NetName=NetD30_2 Pin=R9-2
Added Net: Name=NetD30_2
Added Pin To Net: NetName=NetD31_2 Pin=D31-2
Added Pin To Net: NetName=NetD31_2 Pin=D32-1
Added Net: Name=NetD31_2
Added Pin To Net: NetName=NetD32_2 Pin=D32-2
Added Pin To Net: NetName=NetD32_2 Pin=D33-1
Added Net: Name=NetD32_2
Added Pin To Net: NetName=NetD33_2 Pin=D33-2
Added Pin To Net: NetName=NetD33_2 Pin=D34-1
Added Net: Name=NetD33_2
Added Pin To Net: NetName=NetD34_2 Pin=D34-2
Added Pin To Net: NetName=NetD34_2 Pin=D35-1
Added Net: Name=NetD34_2
Added Pin To Net: NetName=NetD35_2 Pin=D35-2
Added Pin To Net: NetName=NetD35_2 Pin=R10-2
Added Net: Name=NetD35_2
Added Pin To Net: NetName=NetD36_2 Pin=D36-2
Added Pin To Net: NetName=NetD36_2 Pin=D37-1
Added Net: Name=NetD36_2
Added Pin To Net: NetName=NetD37_2 Pin=D37-2
Added Pin To Net: NetName=NetD37_2 Pin=D38-1
Added Net: Name=NetD37_2
Added Pin To Net: NetName=NetD38_2 Pin=D38-2
Added Pin To Net: NetName=NetD38_2 Pin=D39-1
Added Net: Name=NetD38_2
Added Pin To Net: NetName=NetD39_2 Pin=D39-2
Added Pin To Net: NetName=NetD39_2 Pin=D40-1
Added Net: Name=NetD39_2
Added Pin To Net: NetName=NetD40_2 Pin=D40-2
Added Pin To Net: NetName=NetD40_2 Pin=R11-2
Added Net: Name=NetD40_2
Added Pin To Net: NetName=NetD41_2 Pin=D41-2
Added Pin To Net: NetName=NetD41_2 Pin=D42-1
Added Net: Name=NetD41_2
Added Pin To Net: NetName=NetD42_2 Pin=D42-2
Added Pin To Net: NetName=NetD42_2 Pin=D43-1
Added Net: Name=NetD42_2
Added Pin To Net: NetName=NetD43_2 Pin=D43-2
Added Pin To Net: NetName=NetD43_2 Pin=D44-1
Added Net: Name=NetD43_2
Added Pin To Net: NetName=NetD44_2 Pin=D44-2
Added Pin To Net: NetName=NetD44_2 Pin=D45-1
Added Net: Name=NetD44_2
Added Pin To Net: NetName=NetD45_2 Pin=D45-2
Added Pin To Net: NetName=NetD45_2 Pin=R12-2
Added Net: Name=NetD45_2
Added Pin To Net: NetName=NetD46_2 Pin=D46-2
Added Pin To Net: NetName=NetD46_2 Pin=D47-1
Added Net: Name=NetD46_2
Added Pin To Net: NetName=NetD47_2 Pin=D47-2
Added Pin To Net: NetName=NetD47_2 Pin=D48-1
Added Net: Name=NetD47_2
Added Pin To Net: NetName=NetD48_2 Pin=D48-2
Added Pin To Net: NetName=NetD48_2 Pin=D49-1
Added Net: Name=NetD48_2
Added Pin To Net: NetName=NetD49_2 Pin=D49-2
Added Pin To Net: NetName=NetD49_2 Pin=D50-1
Added Net: Name=NetD49_2
Added Pin To Net: NetName=NetD50_2 Pin=D50-2
Added Pin To Net: NetName=NetD50_2 Pin=R13-2
Added Net: Name=NetD50_2
Added Pin To Net: NetName=NetD51_2 Pin=D51-2
Added Pin To Net: NetName=NetD51_2 Pin=D52-1
Added Net: Name=NetD51_2
Added Pin To Net: NetName=NetD52_2 Pin=D52-2
Added Pin To Net: NetName=NetD52_2 Pin=D53-1
Added Net: Name=NetD52_2
Added Pin To Net: NetName=NetD53_2 Pin=D53-2
Added Pin To Net: NetName=NetD53_2 Pin=D54-1
Added Net: Name=NetD53_2
Added Pin To Net: NetName=NetD54_2 Pin=D54-2
Added Pin To Net: NetName=NetD54_2 Pin=D55-1
Added Net: Name=NetD54_2
Added Pin To Net: NetName=NetD55_2 Pin=D55-2
Added Pin To Net: NetName=NetD55_2 Pin=R14-2
Added Net: Name=NetD55_2
Added Pin To Net: NetName=NetD56_2 Pin=D56-2
Added Pin To Net: NetName=NetD56_2 Pin=D57-1
Added Net: Name=NetD56_2
Added Pin To Net: NetName=NetD57_2 Pin=D57-2
Added Pin To Net: NetName=NetD57_2 Pin=D58-1
Added Net: Name=NetD57_2
Added Pin To Net: NetName=NetD58_2 Pin=D58-2
Added Pin To Net: NetName=NetD58_2 Pin=D59-1
Added Net: Name=NetD58_2
Added Pin To Net: NetName=NetD59_2 Pin=D59-2
Added Pin To Net: NetName=NetD59_2 Pin=D60-1
Added Net: Name=NetD59_2
Added Pin To Net: NetName=NetD60_2 Pin=D60-2
Added Pin To Net: NetName=NetD60_2 Pin=R15-2
Added Net: Name=NetD60_2
Added Pin To Net: NetName=NetD61_2 Pin=D61-2
Added Pin To Net: NetName=NetD61_2 Pin=D62-1
Added Net: Name=NetD61_2
Added Pin To Net: NetName=NetD62_2 Pin=D62-2
Added Pin To Net: NetName=NetD62_2 Pin=D63-1
Added Net: Name=NetD62_2
Added Pin To Net: NetName=NetD63_2 Pin=D63-2
Added Pin To Net: NetName=NetD63_2 Pin=D64-1
Added Net: Name=NetD63_2
Added Pin To Net: NetName=NetD64_2 Pin=D64-2
Added Pin To Net: NetName=NetD64_2 Pin=D65-1
Added Net: Name=NetD64_2
Added Pin To Net: NetName=NetD65_2 Pin=D65-2
Added Pin To Net: NetName=NetD65_2 Pin=R16-2
Added Net: Name=NetD65_2
Added Pin To Net: NetName=NetD66_2 Pin=D66-2
Added Pin To Net: NetName=NetD66_2 Pin=D67-1
Added Net: Name=NetD66_2
Added Pin To Net: NetName=NetD67_2 Pin=D67-2
Added Pin To Net: NetName=NetD67_2 Pin=D68-1
Added Net: Name=NetD67_2
Added Pin To Net: NetName=NetD68_2 Pin=D68-2
Added Pin To Net: NetName=NetD68_2 Pin=D69-1
Added Net: Name=NetD68_2
Added Pin To Net: NetName=NetD69_2 Pin=D69-2
Added Pin To Net: NetName=NetD69_2 Pin=D70-1
Added Net: Name=NetD69_2
Added Pin To Net: NetName=NetD70_2 Pin=D70-2
Added Pin To Net: NetName=NetD70_2 Pin=R17-2
Added Net: Name=NetD70_2
Added Pin To Net: NetName=NetD71_2 Pin=D71-2
Added Pin To Net: NetName=NetD71_2 Pin=D72-1
Added Net: Name=NetD71_2
Added Pin To Net: NetName=NetD72_2 Pin=D72-2
Added Pin To Net: NetName=NetD72_2 Pin=D73-1
Added Net: Name=NetD72_2
Added Pin To Net: NetName=NetD73_2 Pin=D73-2
Added Pin To Net: NetName=NetD73_2 Pin=D74-1
Added Net: Name=NetD73_2
Added Pin To Net: NetName=NetD74_2 Pin=D74-2
Added Pin To Net: NetName=NetD74_2 Pin=D75-1
Added Net: Name=NetD74_2
Added Pin To Net: NetName=NetD75_2 Pin=D75-2
Added Pin To Net: NetName=NetD75_2 Pin=R18-2
Added Net: Name=NetD75_2
Added Pin To Net: NetName=NetD76_2 Pin=D76-2
Added Pin To Net: NetName=NetD76_2 Pin=D77-1
Added Net: Name=NetD76_2
Added Pin To Net: NetName=NetD77_2 Pin=D77-2
Added Pin To Net: NetName=NetD77_2 Pin=D78-1
Added Net: Name=NetD77_2
Added Pin To Net: NetName=NetD78_2 Pin=D78-2
Added Pin To Net: NetName=NetD78_2 Pin=D79-1
Added Net: Name=NetD78_2
Added Pin To Net: NetName=NetD79_2 Pin=D79-2
Added Pin To Net: NetName=NetD79_2 Pin=D80-1
Added Net: Name=NetD79_2
Added Pin To Net: NetName=NetD80_2 Pin=D80-2
Added Pin To Net: NetName=NetD80_2 Pin=R19-2
Added Net: Name=NetD80_2
Added Pin To Net: NetName=RED_LED_CONTROL Pin=Q1-1
Added Pin To Net: NetName=RED_LED_CONTROL Pin=R3-2
Added Pin To Net: NetName=RED_LED_CONTROL Pin=U1-3
Added Net: Name=RED_LED_CONTROL
Added Pin To Net: NetName=RED_LED_SPLIT Pin=R1-1
Added Pin To Net: NetName=RED_LED_SPLIT Pin=R2-2
Added Pin To Net: NetName=RED_LED_SPLIT Pin=U1-7
Added Net: Name=RED_LED_SPLIT
Added Pin To Net: NetName=RED_LEDS Pin=Q1-4
Added Pin To Net: NetName=RED_LEDS Pin=R4-1
Added Pin To Net: NetName=RED_LEDS Pin=R5-1
Added Pin To Net: NetName=RED_LEDS Pin=R8-1
Added Pin To Net: NetName=RED_LEDS Pin=R9-1
Added Pin To Net: NetName=RED_LEDS Pin=R12-1
Added Pin To Net: NetName=RED_LEDS Pin=R13-1
Added Pin To Net: NetName=RED_LEDS Pin=R16-1
Added Pin To Net: NetName=RED_LEDS Pin=R17-1
Added Net: Name=RED_LEDS
Added Class: Name=Control
Added Class: Name=LEDs
