Added Component: Designator=C1(Cap_Ceramic_0603)
Added Component: Designator=C2(Cap_Ceramic_1206)
Add component (AddParameter): Name = "ComponentLink1Description"; Value = "Digikey"; VariantName = "[No Variations]"
Add component (AddParameter): Name = "ComponentLink1URL"; Value = "https://www.digikey.com/product-detail/en/murata-electronics/GRM155R71E103JA01J/490-6340-1-ND/3845537"; VariantName = "[No Variations]"
Add component (AddParameter): Name = "ComponentLink2Description"; Value = "Datasheet"; VariantName = "[No Variations]"
Add component (AddParameter): Name = "ComponentLink2URL"; Value = "https://search.murata.co.jp/Ceramy/image/img/A01X/G101/ENG/GRM155R71E103JA01-01.pdf"; VariantName = "[No Variations]"
Added Component: Designator=D1(SOD-323F)
Add component (AddParameter): Name = "ComponentLink1Description"; Value = "Digikey"; VariantName = "[No Variations]"
Add component (AddParameter): Name = "ComponentLink1URL"; Value = "https://www.digikey.com.au/product-detail/en/on-semiconductor/MM3Z56VB/MM3Z56VBCT-ND/1626897"; VariantName = "[No Variations]"
Add component (AddParameter): Name = "ComponentLink2Description"; Value = "Datasheet"; VariantName = "[No Variations]"
Add component (AddParameter): Name = "ComponentLink2URL"; Value = "https://www.onsemi.com/pub/Collateral/MM3Z9V1B-D.pdf"; VariantName = "[No Variations]"
Add component (AddParameter): Name = "Manufacturer"; Value = "ON Semiconductor"; VariantName = "[No Variations]"
Add component (AddParameter): Name = "MPN"; Value = "MM3Z56VB"; VariantName = "[No Variations]"
Added Component: Designator=J1(Microfit_1X2_R_SMD)
Added Component: Designator=J2(Microfit_2X3_R_SMD)
Added Component: Designator=Q1_U_TSAL-S02-V00-Bootstrap1(SOT-23-3)
Add component (AddParameter): Name = "ComponentLink1Description"; Value = "Datasheet"; VariantName = "[No Variations]"
Add component (AddParameter): Name = "ComponentLink1URL"; Value = "https://www.onsemi.com/pub/Collateral/CPH3351-D.PDF"; VariantName = "[No Variations]"
Add component (AddParameter): Name = "ComponentLink2Description"; Value = "Digikey"; VariantName = "[No Variations]"
Add component (AddParameter): Name = "ComponentLink2URL"; Value = "https://www.digikey.com/products/en/discrete-semiconductor-products/transistors-fets-mosfets-single/278?k=&pkeyword=&sv=0&pv7=2&sf=0&FV=-1%7C488%2C-8%7C278&mpart=CPH3351-TL-W&quantity=&ColumnSort=0&page=1&stock=1&nstock=1&datasheet=1&photo=1&pageSize=25"; VariantName = "[No Variations]"
Added Component: Designator=Q1_U_TSAL-S02-V00-Bootstrap2(SOT-23-3)
Add component (AddParameter): Name = "ComponentLink1Description"; Value = "Datasheet"; VariantName = "[No Variations]"
Add component (AddParameter): Name = "ComponentLink1URL"; Value = "https://www.onsemi.com/pub/Collateral/CPH3351-D.PDF"; VariantName = "[No Variations]"
Add component (AddParameter): Name = "ComponentLink2Description"; Value = "Digikey"; VariantName = "[No Variations]"
Add component (AddParameter): Name = "ComponentLink2URL"; Value = "https://www.digikey.com/products/en/discrete-semiconductor-products/transistors-fets-mosfets-single/278?k=&pkeyword=&sv=0&pv7=2&sf=0&FV=-1%7C488%2C-8%7C278&mpart=CPH3351-TL-W&quantity=&ColumnSort=0&page=1&stock=1&nstock=1&datasheet=1&photo=1&pageSize=25"; VariantName = "[No Variations]"
Added Component: Designator=Q1_U_TSAL-S02-V00-Bootstrap3(SOT-23-3)
Add component (AddParameter): Name = "ComponentLink1Description"; Value = "Datasheet"; VariantName = "[No Variations]"
Add component (AddParameter): Name = "ComponentLink1URL"; Value = "https://www.onsemi.com/pub/Collateral/CPH3351-D.PDF"; VariantName = "[No Variations]"
Add component (AddParameter): Name = "ComponentLink2Description"; Value = "Digikey"; VariantName = "[No Variations]"
Add component (AddParameter): Name = "ComponentLink2URL"; Value = "https://www.digikey.com/products/en/discrete-semiconductor-products/transistors-fets-mosfets-single/278?k=&pkeyword=&sv=0&pv7=2&sf=0&FV=-1%7C488%2C-8%7C278&mpart=CPH3351-TL-W&quantity=&ColumnSort=0&page=1&stock=1&nstock=1&datasheet=1&photo=1&pageSize=25"; VariantName = "[No Variations]"
Added Component: Designator=Q2_U_TSAL-S02-V00-Bootstrap1(2N7002K)
Added Component: Designator=Q2_U_TSAL-S02-V00-Bootstrap2(2N7002K)
Added Component: Designator=Q2_U_TSAL-S02-V00-Bootstrap3(2N7002K)
Added Component: Designator=R1(Res_ThinFilm_0603)
Added Component: Designator=R2(Res_ThinFilm_0603)
Add component (AddParameter): Name = "ComponentLink1Description"; Value = "Digikey"; VariantName = "[No Variations]"
Add component (AddParameter): Name = "ComponentLink1URL"; Value = "https://www.digikey.com.au/product-detail/en/panasonic-electronic-components/ERA-2AEB513X/P51KDCCT-ND/1706224"; VariantName = "[No Variations]"
Add component (AddParameter): Name = "ComponentLink2Description"; Value = "Datasheet1"; VariantName = "[No Variations]"
Add component (AddParameter): Name = "ComponentLink2URL"; Value = "https://industrial.panasonic.com/cdbs/www-data/pdf/RDM0000/AOA0000C307.pdf"; VariantName = "[No Variations]"
Add component (AddParameter): Name = "ComponentLink3Description"; Value = "Datasheet2"; VariantName = "[No Variations]"
Add component (AddParameter): Name = "ComponentLink3URL"; Value = "https://media.digikey.com/pdf/Data%20Sheets/Panasonic%20Resistors%20Thermistors%20PDFs/ERA_Series_LE.pdf"; VariantName = "[No Variations]"
Add component (AddParameter): Name = "ComponentLink4Description"; Value = "Datasheet3"; VariantName = "[No Variations]"
Add component (AddParameter): Name = "ComponentLink4URL"; Value = "https://industrial.panasonic.com/cdbs/www-data/pdf/RDM0000/DMM0000COL9.pdf"; VariantName = "[No Variations]"
Added Component: Designator=R3(Res_ThinFilm_1206)
Add component (AddParameter): Name = "ComponentLink1Description"; Value = "Digikey"; VariantName = "[No Variations]"
Add component (AddParameter): Name = "ComponentLink1URL"; Value = "https://www.digikey.com.au/product-detail/en/yageo/RC1206FR-07220RL/311-220FRCT-ND/731640"; VariantName = "[No Variations]"
Add component (AddParameter): Name = "ComponentLink2Description"; Value = "Datasheet"; VariantName = "[No Variations]"
Add component (AddParameter): Name = "ComponentLink2URL"; Value = "https://www.yageo.com/upload/media/product/productsearch/datasheet/rchip/PYu-RC_Group_51_RoHS_L_10.pdf"; VariantName = "[No Variations]"
Added Component: Designator=R4(Res_ThinFilm_0603)
Added Component: Designator=R5_U_TSAL-S02-V00-Bootstrap1(Res_ThinFilm_1206)
Add component (AddParameter): Name = "ComponentLink1Description"; Value = "Datasheet"; VariantName = "[No Variations]"
Add component (AddParameter): Name = "ComponentLink1URL"; Value = "https://www.yageo.com/upload/media/product/productsearch/datasheet/rchip/PYu-RC_Group_51_RoHS_L_10.pdf"; VariantName = "[No Variations]"
Added Component: Designator=R5_U_TSAL-S02-V00-Bootstrap2(Res_ThinFilm_1206)
Add component (AddParameter): Name = "ComponentLink1Description"; Value = "Datasheet"; VariantName = "[No Variations]"
Add component (AddParameter): Name = "ComponentLink1URL"; Value = "https://www.yageo.com/upload/media/product/productsearch/datasheet/rchip/PYu-RC_Group_51_RoHS_L_10.pdf"; VariantName = "[No Variations]"
Added Component: Designator=R5_U_TSAL-S02-V00-Bootstrap3(Res_ThinFilm_1206)
Add component (AddParameter): Name = "ComponentLink1Description"; Value = "Datasheet"; VariantName = "[No Variations]"
Add component (AddParameter): Name = "ComponentLink1URL"; Value = "https://www.yageo.com/upload/media/product/productsearch/datasheet/rchip/PYu-RC_Group_51_RoHS_L_10.pdf"; VariantName = "[No Variations]"
Added Component: Designator=R6_U_TSAL-S02-V00-Bootstrap1(Res_ThinFilm_1206)
Add component (AddParameter): Name = "ComponentLink1Description"; Value = "Datasheet"; VariantName = "[No Variations]"
Add component (AddParameter): Name = "ComponentLink1URL"; Value = "https://www.yageo.com/upload/media/product/productsearch/datasheet/rchip/PYu-RC_Group_51_RoHS_L_10.pdf"; VariantName = "[No Variations]"
Added Component: Designator=R6_U_TSAL-S02-V00-Bootstrap2(Res_ThinFilm_1206)
Add component (AddParameter): Name = "ComponentLink1Description"; Value = "Datasheet"; VariantName = "[No Variations]"
Add component (AddParameter): Name = "ComponentLink1URL"; Value = "https://www.yageo.com/upload/media/product/productsearch/datasheet/rchip/PYu-RC_Group_51_RoHS_L_10.pdf"; VariantName = "[No Variations]"
Added Component: Designator=R6_U_TSAL-S02-V00-Bootstrap3(Res_ThinFilm_1206)
Add component (AddParameter): Name = "ComponentLink1Description"; Value = "Datasheet"; VariantName = "[No Variations]"
Add component (AddParameter): Name = "ComponentLink1URL"; Value = "https://www.yageo.com/upload/media/product/productsearch/datasheet/rchip/PYu-RC_Group_51_RoHS_L_10.pdf"; VariantName = "[No Variations]"
Added Component: Designator=U1(MCP2561 SOIC)
Add component (AddParameter): Name = "ComponentLink1Description"; Value = "Digikey"; VariantName = "[No Variations]"
Add component (AddParameter): Name = "ComponentLink1URL"; Value = "https://www.digikey.com.au/product-detail/en/texas-instruments/LM555CMX%2FNOPB/LM555CMX%2FNOPBCT-ND/1010545?utm_adgroup=Integrated%20Circuits&utm_source=google&utm_medium=cpc&utm_campaign=Dynamic%20Search_EN_Product&utm_term=&productid=&gclid=CjwKCAjwr7X4BRA4EiwAUXjbt-N3vibcCncJp7dB6lpBrLRT-QxYTJoHZmGPqFSswFIeP9Lhu7cYVBoCjmMQAvD_BwE"; VariantName = "[No Variations]"
Add component (AddParameter): Name = "ComponentLink2Description"; Value = "Datasheet"; VariantName = "[No Variations]"
Add component (AddParameter): Name = "ComponentLink2URL"; Value = "https://www.ti.com/general/docs/suppproductinfo.tsp?distId=10&gotoUrl=http%3A%2F%2Fwww.ti.com%2Flit%2Fgpn%2Flm555"; VariantName = "[No Variations]"
Added Component: Designator=U2(SOIC-16)
Added Component: Designator=U3(FOD817ASD)
Added Pin To Net: NetName=12V Pin=Q1_U_TSAL-S02-V00-Bootstrap1-D
Added Pin To Net: NetName=12V Pin=Q1_U_TSAL-S02-V00-Bootstrap2-D
Added Pin To Net: NetName=12V Pin=Q1_U_TSAL-S02-V00-Bootstrap3-D
Added Pin To Net: NetName=12V Pin=R4-2
Added Pin To Net: NetName=12V Pin=R5_U_TSAL-S02-V00-Bootstrap1-2
Added Pin To Net: NetName=12V Pin=R5_U_TSAL-S02-V00-Bootstrap2-2
Added Pin To Net: NetName=12V Pin=R5_U_TSAL-S02-V00-Bootstrap3-2
Added Pin To Net: NetName=12V Pin=U2-1
Added Net: Name=12V
Added Pin To Net: NetName=GND Pin=C1-1
Added Pin To Net: NetName=GND Pin=C2-1
Added Pin To Net: NetName=GND Pin=Q2_U_TSAL-S02-V00-Bootstrap1-S
Added Pin To Net: NetName=GND Pin=Q2_U_TSAL-S02-V00-Bootstrap2-S
Added Pin To Net: NetName=GND Pin=Q2_U_TSAL-S02-V00-Bootstrap3-S
Added Pin To Net: NetName=GND Pin=U1-1
Added Pin To Net: NetName=GND Pin=U2-7
Added Pin To Net: NetName=GND Pin=U2-8
Added Pin To Net: NetName=GND Pin=U2-9
Added Pin To Net: NetName=GND Pin=U2-11
Added Pin To Net: NetName=GND Pin=U2-14
Added Pin To Net: NetName=GND Pin=U3-3
Added Net: Name=GND
Added Pin To Net: NetName=HV IN Pin=R3-2
Added Net: Name=HV IN
Added Pin To Net: NetName=HV ON Pin=R1-2
Added Pin To Net: NetName=HV ON Pin=R6_U_TSAL-S02-V00-Bootstrap2-1
Added Pin To Net: NetName=HV ON Pin=U1-4
Added Pin To Net: NetName=HV ON Pin=U1-8
Added Pin To Net: NetName=HV ON Pin=U2-2
Added Pin To Net: NetName=HV ON Pin=U2-5
Added Net: Name=HV ON
Added Pin To Net: NetName=HV OUT Pin=U3-2
Added Net: Name=HV OUT
Added Pin To Net: NetName=NetC2_2 Pin=C2-2
Added Pin To Net: NetName=NetC2_2 Pin=U1-5
Added Net: Name=NetC2_2
Added Pin To Net: NetName=NetD1_A Pin=U3-1
Added Net: Name=NetD1_A
Added Pin To Net: NetName=NetD1_K Pin=R3-1
Added Net: Name=NetD1_K
Added Pin To Net: NetName=NetJ2_2 Pin=Q1_U_TSAL-S02-V00-Bootstrap3-S
Added Net: Name=NetJ2_2
Added Pin To Net: NetName=NetJ2_3 Pin=Q1_U_TSAL-S02-V00-Bootstrap2-S
Added Net: Name=NetJ2_3
Added Pin To Net: NetName=NetJ2_6 Pin=Q1_U_TSAL-S02-V00-Bootstrap1-S
Added Net: Name=NetJ2_6
Added Pin To Net: NetName=NetQ1_U_TSAL-S02-V00-Bootstrap1_G Pin=Q1_U_TSAL-S02-V00-Bootstrap1-G
Added Pin To Net: NetName=NetQ1_U_TSAL-S02-V00-Bootstrap1_G Pin=Q2_U_TSAL-S02-V00-Bootstrap1-D
Added Pin To Net: NetName=NetQ1_U_TSAL-S02-V00-Bootstrap1_G Pin=R5_U_TSAL-S02-V00-Bootstrap1-1
Added Net: Name=NetQ1_U_TSAL-S02-V00-Bootstrap1_G
Added Pin To Net: NetName=NetQ1_U_TSAL-S02-V00-Bootstrap2_G Pin=Q1_U_TSAL-S02-V00-Bootstrap2-G
Added Pin To Net: NetName=NetQ1_U_TSAL-S02-V00-Bootstrap2_G Pin=Q2_U_TSAL-S02-V00-Bootstrap2-D
Added Pin To Net: NetName=NetQ1_U_TSAL-S02-V00-Bootstrap2_G Pin=R5_U_TSAL-S02-V00-Bootstrap2-1
Added Net: Name=NetQ1_U_TSAL-S02-V00-Bootstrap2_G
Added Pin To Net: NetName=NetQ1_U_TSAL-S02-V00-Bootstrap3_G Pin=Q1_U_TSAL-S02-V00-Bootstrap3-G
Added Pin To Net: NetName=NetQ1_U_TSAL-S02-V00-Bootstrap3_G Pin=Q2_U_TSAL-S02-V00-Bootstrap3-D
Added Pin To Net: NetName=NetQ1_U_TSAL-S02-V00-Bootstrap3_G Pin=R5_U_TSAL-S02-V00-Bootstrap3-1
Added Net: Name=NetQ1_U_TSAL-S02-V00-Bootstrap3_G
Added Pin To Net: NetName=NetQ2_U_TSAL-S02-V00-Bootstrap1_G Pin=Q2_U_TSAL-S02-V00-Bootstrap1-G
Added Pin To Net: NetName=NetQ2_U_TSAL-S02-V00-Bootstrap1_G Pin=R6_U_TSAL-S02-V00-Bootstrap1-2
Added Net: Name=NetQ2_U_TSAL-S02-V00-Bootstrap1_G
Added Pin To Net: NetName=NetQ2_U_TSAL-S02-V00-Bootstrap2_G Pin=Q2_U_TSAL-S02-V00-Bootstrap2-G
Added Pin To Net: NetName=NetQ2_U_TSAL-S02-V00-Bootstrap2_G Pin=R6_U_TSAL-S02-V00-Bootstrap2-2
Added Net: Name=NetQ2_U_TSAL-S02-V00-Bootstrap2_G
Added Pin To Net: NetName=NetQ2_U_TSAL-S02-V00-Bootstrap3_G Pin=Q2_U_TSAL-S02-V00-Bootstrap3-G
Added Pin To Net: NetName=NetQ2_U_TSAL-S02-V00-Bootstrap3_G Pin=R6_U_TSAL-S02-V00-Bootstrap3-2
Added Net: Name=NetQ2_U_TSAL-S02-V00-Bootstrap3_G
Added Pin To Net: NetName=NetR4_1 Pin=R4-1
Added Pin To Net: NetName=NetR4_1 Pin=U2-3
Added Pin To Net: NetName=NetR4_1 Pin=U3-4
Added Net: Name=NetR4_1
Added Pin To Net: NetName=NetR6_U_TSAL-S02-V00-Bootstrap1_1 Pin=R6_U_TSAL-S02-V00-Bootstrap1-1
Added Pin To Net: NetName=NetR6_U_TSAL-S02-V00-Bootstrap1_1 Pin=U2-4
Added Net: Name=NetR6_U_TSAL-S02-V00-Bootstrap1_1
Added Pin To Net: NetName=NetR6_U_TSAL-S02-V00-Bootstrap3_1 Pin=R6_U_TSAL-S02-V00-Bootstrap3-1
Added Pin To Net: NetName=NetR6_U_TSAL-S02-V00-Bootstrap3_1 Pin=U1-3
Added Net: Name=NetR6_U_TSAL-S02-V00-Bootstrap3_1
Added Pin To Net: NetName=RED LED SPLIT Pin=R1-1
Added Pin To Net: NetName=RED LED SPLIT Pin=R2-2
Added Pin To Net: NetName=RED LED SPLIT Pin=U1-7
Added Net: Name=RED LED SPLIT
Added Pin To Net: NetName=THRESH-TRIG Pin=C1-2
Added Pin To Net: NetName=THRESH-TRIG Pin=R2-1
Added Pin To Net: NetName=THRESH-TRIG Pin=U1-2
Added Pin To Net: NetName=THRESH-TRIG Pin=U1-6
Added Net: Name=THRESH-TRIG
Added Class: Name=TSAL-S01-V00-Control
Added Class: Name=U_TSAL-S02-V00-Bootstrap1
Added Class: Name=U_TSAL-S02-V00-Bootstrap2
Added Class: Name=U_TSAL-S02-V00-Bootstrap3
Added Class: Name=TSAL-S02-V00-Bootstrap
Added Room: Name=TSAL-S01-V00-Control
Added Room: Name=U_TSAL-S02-V00-Bootstrap1
Added Room: Name=U_TSAL-S02-V00-Bootstrap2
Added Room: Name=U_TSAL-S02-V00-Bootstrap3
